/var/spool/slurmd/job17048196/slurm_script: line 11: nvcc: command not found
Fri Dec  1 12:27:47 2023       
+-----------------------------------------------------------------------------+
| NVIDIA-SMI 470.161.03   Driver Version: 470.161.03   CUDA Version: 11.4     |
|-------------------------------+----------------------+----------------------+
| GPU  Name        Persistence-M| Bus-Id        Disp.A | Volatile Uncorr. ECC |
| Fan  Temp  Perf  Pwr:Usage/Cap|         Memory-Usage | GPU-Util  Compute M. |
|                               |                      |               MIG M. |
|===============================+======================+======================|
|   0  GRID V100S-32Q      On   | 00000000:02:00.0 Off |                    0 |
| N/A   N/A    P0    N/A /  N/A |   2192MiB / 32768MiB |      0%      Default |
|                               |                      |                  N/A |
+-------------------------------+----------------------+----------------------+
|   1  GRID V100S-32Q      On   | 00000000:02:01.0 Off |                    0 |
| N/A   N/A    P0    N/A /  N/A |   2192MiB / 32768MiB |      0%      Default |
|                               |                      |                  N/A |
+-------------------------------+----------------------+----------------------+
                                                                               
+-----------------------------------------------------------------------------+
| Processes:                                                                  |
|  GPU   GI   CI        PID   Type   Process name                  GPU Memory |
|        ID   ID                                                   Usage      |
|=============================================================================|
|  No running processes found                                                 |
+-----------------------------------------------------------------------------+
res-hpc-gpu08.researchlumc.nl
Cuda devices: 0,1
Map:   0%|          | 0/650000 [00:00<?, ? examples/s]Map:   0%|          | 0/650000 [00:03<?, ? examples/s]Map:   0%|          | 0/650000 [00:03<?, ? examples/s]
Traceback (most recent call last):
  File "/exports/sascstudent/svanderwal2/programs/train_programs/huggingface_tutorial_finetuning.py", line 16, in <module>
    tokenized_datasets = dataset.map(tokenize_function, batched=True)
  File "/exports/sascstudent/svanderwal2/miniconda3/envs/train_sasc/lib/python3.10/site-packages/datasets/dataset_dict.py", line 853, in map
    {
  File "/exports/sascstudent/svanderwal2/miniconda3/envs/train_sasc/lib/python3.10/site-packages/datasets/dataset_dict.py", line 854, in <dictcomp>
    k: dataset.map(
  File "/exports/sascstudent/svanderwal2/miniconda3/envs/train_sasc/lib/python3.10/site-packages/datasets/arrow_dataset.py", line 592, in wrapper
    out: Union["Dataset", "DatasetDict"] = func(self, *args, **kwargs)
  File "/exports/sascstudent/svanderwal2/miniconda3/envs/train_sasc/lib/python3.10/site-packages/datasets/arrow_dataset.py", line 557, in wrapper
    out: Union["Dataset", "DatasetDict"] = func(self, *args, **kwargs)
  File "/exports/sascstudent/svanderwal2/miniconda3/envs/train_sasc/lib/python3.10/site-packages/datasets/arrow_dataset.py", line 3097, in map
    for rank, done, content in Dataset._map_single(**dataset_kwargs):
  File "/exports/sascstudent/svanderwal2/miniconda3/envs/train_sasc/lib/python3.10/site-packages/datasets/arrow_dataset.py", line 3486, in _map_single
    buf_writer, writer, tmp_file = init_buffer_and_writer()
  File "/exports/sascstudent/svanderwal2/miniconda3/envs/train_sasc/lib/python3.10/site-packages/datasets/arrow_dataset.py", line 3418, in init_buffer_and_writer
    tmp_file = tempfile.NamedTemporaryFile("wb", dir=os.path.dirname(cache_file_name), delete=False)
  File "/exports/sascstudent/svanderwal2/miniconda3/envs/train_sasc/lib/python3.10/tempfile.py", line 559, in NamedTemporaryFile
    file = _io.open(dir, mode, buffering=buffering,
  File "/exports/sascstudent/svanderwal2/miniconda3/envs/train_sasc/lib/python3.10/tempfile.py", line 556, in opener
    fd, name = _mkstemp_inner(dir, prefix, suffix, flags, output_type)
  File "/exports/sascstudent/svanderwal2/miniconda3/envs/train_sasc/lib/python3.10/tempfile.py", line 256, in _mkstemp_inner
    fd = _os.open(file, flags, 0o600)
OSError: [Errno 28] No space left on device: '/home/svanderwal2/.cache/huggingface/datasets/yelp_review_full/yelp_review_full/1.0.0/e8e18e19d7be9e75642fc66b198abadb116f73599ec89a69ba5dd8d1e57ba0bf/tmpmam46sp_'
